!AIVDM,2,1,2,B,8030ojA?0@=DE3@?BDPA3onQiUFttP1Wh01DE3<1EJ?>0onlkUG0e01I,0*3D
!AIVDM,2,2,2,B,h00,2*7D
!AIVDM,2,1,3,B,8030opA?0@=DE3>5EF9<0okj>UF0w02jh01DE3@BD>5E6oiSTUEqk03S,0*6F
!AIVDM,2,2,3,B,h00,2*7C
!AIVDM,2,1,4,B,8030ojA?0@=DE34C3819<ogpIUE1L03Rh01D?02D9C31>ofnhUDU2P29,0*68
!AIVDM,2,2,4,B,h00,2*7B
!AIVDM,2,1,5,A,8030ojA?0@=D?02531>3Boep75Cn7P1uh01D?0keB9F00ode?UCJ602B,0*30
!AIVDM,2,2,5,A,h00,2*79
!AIVDM,2,1,7,B,8030opA?0@=D?0@BDCD6Bod7e5Br@P2Ph01DE3<13CD@9ob6>UBEmP2;,0*1E
!AIVDM,2,2,7,B,h00,2*78
!AIVDM,2,1,8,B,8030ojA?0@=D?0@BDCD6Bod7e5Br@P2Ph01DE3<13CD@9ob6>UBEmP2;,0*0B
!AIVDM,2,2,8,B,h00,2*77
!AIVDM,2,1,0,A,8030ojA?0@=DE3C?B5<00o`O1UA@V01vh01DE33>DB3?5oW@PU?d4P1j,0*59
!AIVDM,2,2,0,A,h00,2*7C
!AIVDM,2,1,1,B,8030opA?0@=DE3F1B5>>5oV5AU>VQP1`h01DE3=D<6B?>oUFw5=MT01`,0*07
!AIVDM,2,2,1,B,h00,2*7E
!AIVDM,2,1,2,B,8030ojA?0@=DE3F1B5>>5oV5AU>VQP1`h01DE3=D<6B?>oUFw5=MT01`,0*1E
!AIVDM,2,2,2,B,h00,2*7D
!AIVDM,2,1,3,B,8030ojA?0@=DE6CD:?B9Fot`9UKQW03Dh01DE6CD6B19?oqHd5H=WP12,0*51
!AIVDM,2,2,3,B,h00,2*7C
!AIVDM,2,1,4,A,8030ojA?0@=DE6@?BDPA3onQiUFttP1Uh01DE6<1EJ?>0onlkUG0e01G,0*34
!AIVDM,2,2,4,A,h00,2*78
!AIVDM,2,1,5,B,8030ojA?0@=DE6>5EF9<0okj>UF0w02hh01DE6@BD>5E6oiSTUEqk03Q,0*73
!AIVDM,2,2,5,B,h00,2*7A
!AIVDM,2,1,6,A,8030ojA?0@=DE64C3819<ogpIUE1L03Rh01D?02D9C31>ofnhUDU2P29,0*6C
!AIVDM,2,2,6,A,h00,2*7A
!AIVDM,2,1,7,B,8030opA?0@=D?02531>3Boep75Cn7P1uh01D?0keB9F00ode?UCJ602B,0*2B
!AIVDM,2,2,7,B,h00,2*78
!AIVDM,2,1,8,A,8030ojA?0@=D?0@BDCD6Bod7e5Br@P2Ph01DE6<13CD@9ob6>UBEmP2;,0*0D
!AIVDM,2,2,8,A,h00,2*74
!AIVDM,2,1,9,B,8030ojA?0@=DE3C?B5<00o`O1UA@V01vh01DE63>DB3?5oW@PU?d4P1i,0*55
!AIVDM,2,2,9,B,h00,2*76
!AIVDM,2,1,0,A,8030ojA?0@=DE3F1B5>>5oV5AU>VQP1`h01DE3=D<6B?>oUFw5=MT01`,0*1F
!AIVDM,2,2,0,A,h00,2*7C
!AIVDM,2,1,1,B,54eGUch00001HL`:220rpnq84@U=<tr22222220t2`P=840Htwh00000,0*50
!AIVDM,2,2,1,B,0,2*26
!AIVDM,2,1,2,A,54eGUb000001H?O7KN04i0Ptq<F0@E<`58@Tq>151`l;;40Ht7P00000,0*13
!AIVDM,2,2,2,A,0,2*26
!AIVDM,2,1,3,A,8030ojA?0@=DE6CD:?B9Fot`9UKQW03Dh01DE6CD6B19?oqHd5H=WP12,0*52
!AIVDM,2,2,3,A,h00,2*7F
!AIVDM,2,1,4,B,8030ojA?0@=DE6@?BDPA3onQiUFttP1Uh01DE6<1EJ?>0onlkUG0e01G,0*37
!AIVDM,2,2,4,B,h00,2*7B
!AIVDM,2,1,5,A,8030ojA?0@=DE6>5EF9<0okj>UF0w02hh01DE6@BD>5E6oiSTUEqk03Q,0*70
!AIVDM,2,2,5,A,h00,2*79
!AIVDM,2,1,6,B,8030opA?0@=DE6>5EF9<0okj>UF0w02hh01DE6@BD>5E6oiSTUEqk03Q,0*6A
!AIVDM,2,2,6,B,h00,2*79
!AIVDM,2,1,7,B,8030ojA?0@=DE64C3819<ogpIUE1L03Rh01D?02D9C31>ofnhUDU2P29,0*6E
!AIVDM,2,2,7,B,h00,2*78
!AIVDM,2,1,8,A,8030ojA?0@=D?02531>3Boep75Cn7P1uh01D?0keB9F00ode?UCJ602B,0*3D
!AIVDM,2,2,8,A,h00,2*74
!AIVDM,2,1,9,A,8030ojA?0@=DE6C?B5<00o`O1UA@V01wh01DE63>DB3?5oW@PU?d4P1i,0*52
!AIVDM,2,2,9,A,h00,2*75
!AIVDM,2,1,0,B,54aQ1002=p0d?IDsF20<hTv22222222222222216G`L8H5An0C4klQC8,0*10
!AIVDM,2,2,0,B,888888888888880,2*27
!AIVDM,2,1,1,B,54eGanP00001H?KKKJ0t<D4r0<P58hTF2222220l10n370000=P00000,0*17
!AIVDM,2,2,1,B,0,2*26
!AIVDM,2,1,2,A,8030ojA?0@=DE9@?BDPA3onQiUFttP1Rh01DE9<1EJ?>0onlkUG0e01E,0*37
!AIVDM,2,2,2,A,h00,2*7E
!AIVDM,2,1,3,B,8030ojA?0@=DE6>5EF9<0okj>UF0w02hh01DE6@BD>5E6oiSTUEqk03Q,0*75
!AIVDM,2,2,3,B,h00,2*7C
!AIVDM,2,1,4,A,8030ojA?0@=DE64C3819<ogpIUE1L03Rh01D?02D9C31>ofnhUDU2P29,0*6E
!AIVDM,2,2,4,A,h00,2*78
!AIVDM,2,1,5,B,54eKP@01r:g4<LAR220pL<>0@E<M8u<DThhTE9=S4`u::5jn0ADEA@Q@,0*48
!AIVDM,2,2,5,B,p88888888888880,2*6A
!AIVDM,2,1,6,A,8030opA?0@=D?02531>3Boep75Cn7P1uh01D?0keB9F00ode?UCJ602B,0*29
!AIVDM,2,2,6,A,h00,2*7A
!AIVDM,2,1,7,B,8030ojA?0@=D?02531>3Boep75Cn7P1uh01D?0keB9F00ode?UCJ602B,0*31
!AIVDM,2,2,7,B,h00,2*78
!AIVDM,2,1,8,A,8030ojA?0@=D?0@BDCD6Bod7e5Br@P2Ph01DE6<13CD@9ob6>UBEmP2;,0*0D
!AIVDM,2,2,8,A,h00,2*74
!AIVDM,2,1,9,A,8030opA?0@=D?0@BDCD6Bod7e5Br@P2Ph01DE6<13CD@9ob6>UBEmP2;,0*16
!AIVDM,2,2,9,A,h00,2*75
!AIVDM,2,1,0,B,8030opA?0@=DE6C?B5<00o`O1UA@V01wh01DE63>DB3?5oW@PU?d4P1i,0*42
!AIVDM,2,2,0,B,h00,2*7F
!AIVDM,2,1,1,B,8030ojA?0@=DE6C?B5<00o`O1UA@V01wh01DE63>DB3?5oW@PU?d4P1i,0*59
!AIVDM,2,2,1,B,h00,2*7E
!AIVDM,2,1,2,A,8030ojA?0@=DE6F1B5>>5oV5AU>VQP1`h01DE6=D<6B?>oUFw5=MT01`,0*1D
!AIVDM,2,2,2,A,h00,2*7E
!AIVDM,2,1,3,A,8030ojA?0@=DE9CD:?B9Fot`9UKQW03Gh01DE9CD6B19?oqHd5H=WP11,0*52
!AIVDM,2,2,3,A,h00,2*7F
!AIVDM,2,1,4,B,8030opA?0@=DE9@?BDPA3onQiUFttP1Rh01DE9<1EJ?>0onlkUG0e01E,0*28
!AIVDM,2,2,4,B,h00,2*7B
!AIVDM,2,1,5,A,54eGUc@00001H>3O7KPhtlE:0LuDTr22222222151`l;;40Ht7TEA@Q@,0*01
!AIVDM,2,2,5,A,p31ERDp88888880,2*48
!AIVDM,2,1,6,A,8030ojA?0@=DE6>5EF9<0okj>UF0w02hh01DE6@BD>5E6oiSTUEqk03Q,0*73
!AIVDM,2,2,6,A,h00,2*7A
!AIVDM,2,1,7,A,8030ojA?0@=D?02531>3Boep75Cn7P1uh01D?0keB9F00ode?UCJ602B,0*32
!AIVDM,2,2,7,A,h00,2*7B
!AIVDM,2,1,8,B,8030ojA?0@=D?0@BDCD6Bod7e5Br@P2Ph01DE9<13CD@9ob6>UBEmP2;,0*01
!AIVDM,2,2,8,B,h00,2*77
!AIVDM,2,1,9,A,8030ojA?0@=DE9C?B5<00o`O1UA@V01wh01DE93>DB3?5oW@PU?d4P1f,0*5D
!AIVDM,2,2,9,A,h00,2*75
!AIVDM,2,1,0,A,8030opA?0@=DE9C?B5<00o`O1UA@V01wh01DE93>DB3?5oW@PU?d4P1f,0*4E
!AIVDM,2,2,0,A,h00,2*7C
!AIVDM,2,1,1,B,8030opA?0@=DE6F1B5>>5oV5AU>VQP1`h01DE6=D<6B?>oUFw5=MT01`,0*07
!AIVDM,2,2,1,B,h00,2*7E
!AIVDM,2,1,2,B,8030ojA?0@=DE6F1B5>>5oV5AU>VQP1`h01DE6=D<6B?>oUFw5=MT01`,0*1E
!AIVDM,2,2,2,B,h00,2*7D
!AIVDM,2,1,3,B,8030ojA?0@=DE9CD:?B9Fot`9UKQW03Gh01DE9CD6B19?oqHd5H=WP11,0*51
!AIVDM,2,2,3,B,h00,2*7C
!AIVDM,2,1,4,A,54eWB:2dPl0iH<qN220t<D4r0@Di@6222222220O0``914000>P00000,0*6E
!AIVDM,2,2,4,A,0,2*20
!AIVDM,2,1,5,A,8030ojA?0@=DE9@?BDPA3onQiUFttP1Rh01DE9<1EJ?>0onlkUG0e01E,0*30
!AIVDM,2,2,5,A,h00,2*79
!AIVDM,2,1,6,A,8030ojA?0@=DE64C3819<ogpIUE1L03Rh01D?02D9C31>ofnhUDU2P29,0*6C
!AIVDM,2,2,6,A,h00,2*7A
!AIVDM,2,1,7,B,8030opA?0@=D?02531>3Boep75Cn7P1uh01D?0keB9F00ode?UCJ602B,0*2B
!AIVDM,2,2,7,B,h00,2*78
!AIVDM,2,1,8,B,8030ojA?0@=D?02531>3Boep75Cn7P1uh01D?0keB9F00ode?UCJ602B,0*3E
!AIVDM,2,2,8,B,h00,2*77
!AIVDM,2,1,9,B,54eGWmh00000<H;O77I0u9B0lD<PTq>22222220Q1pe7540000000000,0*07
!AIVDM,2,2,9,B,0,2*2E
!AIVDM,2,1,0,A,8030ojA?0@=D?0@BDCD6Bod7e5Br@P2Ph01DE9<13CD@9ob6>UBEmP2;,0*0A
!AIVDM,2,2,0,A,h00,2*7C
!AIVDM,2,1,1,B,8030opA?0@=D?0@BDCD6Bod7e5Br@P2Ph01DE9<13CD@9ob6>UBEmP2;,0*12
!AIVDM,2,2,1,B,h00,2*7E
!AIVDM,2,1,2,B,8030ojA?0@=DE9C?B5<00o`O1UA@V01wh01DE93>DB3?5oW@PU?d4P1f,0*55
!AIVDM,2,2,2,B,h00,2*7D
!AIVDM,2,1,3,A,8030ojA?0@=DE9F1B5>>5oV5AU>VQP1`h01DE9=D<6B?>oUFw5=MT01`,0*1C
!AIVDM,2,2,3,A,h00,2*7F
!AIVDM,2,1,4,A,8030ojA?0@=DE9CD:?B9Fot`9UKQW03Gh01DE9CD6B19?oqHd5H=WP11,0*55
!AIVDM,2,2,4,A,h00,2*78
!AIVDM,2,1,5,B,8030ojA?0@=DE9@?BDPA3onQiUFttP1Rh01DE9<1EJ?>0onlkUG0e01E,0*33
!AIVDM,2,2,5,B,h00,2*7A
!AIVDM,2,1,6,A,8030ojA?0@=DE9>5EF9<0okj>UF0w02fh01DE9@BD>5E6oiSTUEqk03O,0*63
!AIVDM,2,2,6,A,h00,2*7A
!AIVDM,2,1,7,A,8030ojA?0@=D?02531>3Boep75Cn7P1uh01D?0keB9F00ode?UCJ602B,0*32
!AIVDM,2,2,7,A,h00,2*7B
!AIVDM,2,1,8,A,8030opA?0@=D?02531>3Boep75Cn7P1uh01D?0keB9F00ode?UCJ602B,0*27
!AIVDM,2,2,8,A,h00,2*74
!AIVDM,2,1,9,B,8030ojA?0@=D?0@BDCD6Bod7e5Br@P2Ph01DE9<13CD@9ob6>UBEmP2;,0*00
!AIVDM,2,2,9,B,h00,2*76
!AIVDM,2,1,0,A,8030ojA?0@=DE9C?B5<00o`O1UA@V01wh01DE93>DB3?5oW@PU?d4P1f,0*54
!AIVDM,2,2,0,A,h00,2*7C
!AIVDM,2,1,1,B,8030opA?0@=DE9C?B5<00o`O1UA@V01wh01DE93>DB3?5oW@PU?d4P1f,0*4C
!AIVDM,2,2,1,B,h00,2*7E
!AIVDM,2,1,2,B,8030ojA?0@=DE<CD:?B9Fot`9UKQW03Kh01DE<CD6B19?oqHd5H=WP10,0*5D
!AIVDM,2,2,2,B,h00,2*7D
!AIVDM,2,1,3,A,8030ojA?0@=DE<@?BDPA3onQiUFttP1Ph01DE<<1EJ?>0onlkUG0e01C,0*32
!AIVDM,2,2,3,A,h00,2*7F
!AIVDM,2,1,4,B,54eGUeP05vI=H=<f220`u>0@E<<PDpE>2222221500000400094EA@Q@,0*20
!AIVDM,2,2,4,B,p88888888888880,2*6B
!AIVDM,2,1,5,A,8030ojA?0@=DE<4C3819<ogpIUE1L03Ph01D?02D9C31>ofnhUDU2P29,0*67
!AIVDM,2,2,5,A,h00,2*79
!AIVDM,2,1,6,A,8030ojA?0@=D?0@BDCD6Bod7e5Br@P2Ph01DE<<13CD@9ob6>UBEmP2;,0*09
!AIVDM,2,2,6,A,h00,2*7A
!AIVDM,2,1,7,A,8030ojA?0@=DE<F1B5>>5oV5AU>VQP1`h01DE9=D<6B?>oUFw5=MT01`,0*1D
!AIVDM,2,2,7,A,h00,2*7B
!AIVDM,2,1,8,A,8030ojA?0@=DE<CD:?B9Fot`9UKQW03Kh01DE<CD6B19?oqHd5H=WP10,0*54
!AIVDM,2,2,8,A,h00,2*74
!AIVDM,2,1,9,B,8030ojA?0@=DE<@?BDPA3onQiUFttP1Ph01DE<<1EJ?>0onlkUG0e01C,0*3B
!AIVDM,2,2,9,B,h00,2*76
!AIVDM,2,1,0,A,8030ojA?0@=DE<>5EF9<0okj>UF0w02ch01DE<@BD>5E6oiSTUEqk03O,0*60
!AIVDM,2,2,0,A,h00,2*7C
!AIVDM,2,1,1,B,8030opA?0@=DE<>5EF9<0okj>UF0w02ch01DE<@BD>5E6oiSTUEqk03O,0*78
!AIVDM,2,2,1,B,h00,2*7E
!AIVDM,2,1,2,A,8030ojA?0@=D?02531>3Boep75Cn7P1uh01D?0keB9F00ode?UCJ602B,0*37
!AIVDM,2,2,2,A,h00,2*7E
!AIVDM,2,1,3,B,8030opA?0@=D?02531>3Boep75Cn7P1uh01D?0keB9F00ode?UCJ602B,0*2F
!AIVDM,2,2,3,B,h00,2*7C
!AIVDM,2,1,4,A,54eGUch00001HL`:220rpnq84@U=<tr22222220t2`P=840Htwh00000,0*56
!AIVDM,2,2,4,A,0,2*20
!AIVDM,2,1,5,B,54eGUb000001H?O7KN04i0Ptq<F0@E<`58@Tq>151`l;;40Ht7P00000,0*17
!AIVDM,2,2,5,B,0,2*22
!AIVDM,2,1,6,A,8030ojA?0@=DE<C?B5<00o`O1UA@V01vh01DE<3>DB3?5oW@PU?d4P1i,0*5C
!AIVDM,2,2,6,A,h00,2*7A
!AIVDM,2,1,7,B,8030ojA?0@=DE<F1B5>>5oV5AU>VQP1`h01DE<=D<6B?>oUFw5=MT01`,0*1B
!AIVDM,2,2,7,B,h00,2*78
!AIVDM,2,1,8,A,8030opA?0@=DE<F1B5>>5oV5AU>VQP1`h01DE<=D<6B?>oUFw5=MT01`,0*0D
!AIVDM,2,2,8,A,h00,2*74
!AIVDM,2,1,9,B,8030ojA?0@=DE<CD:?B9Fot`9UKQW03Kh01DE<CD6B19?oqHd5H=WP10,0*56
!AIVDM,2,2,9,B,h00,2*76
!AIVDM,2,1,0,A,8030ojA?0@=DE?@?BDPA3onQiUFttP1Nh01DE?<1EJ?>0onlkUG0e01@,0*2C
!AIVDM,2,2,0,A,h00,2*7C
!AIVDM,2,1,1,A,54aQ1002=p0d?IDsF20<hTv22222222222222216G`L8H5An0C4klQC8,0*12
!AIVDM,2,2,1,A,888888888888880,2*25
!AIVDM,2,1,2,A,54eGanP00001H?KKKJ0t<D4r0<P58hTF2222220l10n370000=P00000,0*17
!AIVDM,2,2,2,A,0,2*26
!AIVDM,2,1,3,A,8030ojA?0@=DE<4C3819<ogpIUE1L03Ph01D?02D9C31>ofnhUDU2P29,0*61
!AIVDM,2,2,3,A,h00,2*7F
!AIVDM,2,1,4,B,8030ojA?0@=D?02531>3Boep75Cn7P1uh01D?0keB9F00ode?UCJ602B,0*32
!AIVDM,2,2,4,B,h00,2*7B
!AIVDM,2,1,5,A,8030ojA?0@=D?0@BDCD6Bod7e5Br@P2Ph01DE<<13CD@9ob6>UBEmP2;,0*0A
!AIVDM,2,2,5,A,h00,2*79
!AIVDM,2,1,6,B,8030opA?0@=D?0@BDCD6Bod7e5Br@P2Ph01DE<<13CD@9ob6>UBEmP2;,0*10
!AIVDM,2,2,6,B,h00,2*79
!AIVDM,2,1,7,B,8030opA?0@=DE<C?B5<00o`O1UA@V01vh01DE<3>DB3?5oW@PU?d4P1i,0*44
!AIVDM,2,2,7,B,h00,2*78
!AIVDM,2,1,8,A,8030ojA?0@=DE<F1B5>>5oV5AU>VQP1`h01DE<=D<6B?>oUFw5=MT01`,0*17
!AIVDM,2,2,8,A,h00,2*74
!AIVDM,2,1,9,B,8030opA?0@=DE<F1B5>>5oV5AU>VQP1`h01DE<=D<6B?>oUFw5=MT01`,0*0F
!AIVDM,2,2,9,B,h00,2*76
!AIVDM,2,1,0,A,54eKP@01r:g4<LAR220pL<>0@E<M8u<DThhTE9=S4`u::5jn0ADEA@Q@,0*4E
!AIVDM,2,2,0,A,p88888888888880,2*6C
!AIVDM,2,1,1,A,8030ojA?0@=DE<CD:?B9Fot`9UKQW03Kh01DE<CD6B19?oqHd5H=WP10,0*5D
!AIVDM,2,2,1,A,h00,2*7D
!AIVDM,2,1,2,A,8030ojA?0@=DE?>5EF9<0okj>UF0w02`h01DE?@BD>5E6oiSTUEqk03L,0*62
!AIVDM,2,2,2,A,h00,2*7E
!AIVDM,2,1,3,B,8030ojA?0@=DE<4C3819<ogpIUE1L03Ph01D?02D9C31>ofnhUDU2P29,0*62
!AIVDM,2,2,3,B,h00,2*7C
!AIVDM,2,1,4,A,8030ojA?0@=D?02531>3Boep75Cn7P1uh01D?0keB9F00ode?UCJ602B,0*31
!AIVDM,2,2,4,A,h00,2*78
!AIVDM,2,1,5,A,8030ojA?0@=DE?C?B5<00o`O1UA@V01vh01DE?3>DB3?5oW@PU?d4P1g,0*51
!AIVDM,2,2,5,A,h00,2*79
!AIVDM,2,1,6,B,54eGUc@00001H>3O7KPhtlE:0LuDTr22222222151`l;;40Ht7TEA@Q@,0*01
!AIVDM,2,2,6,B,p31ERDp88888880,2*48
!AIVDM,2,1,7,B,8030ojA?0@=DE?CD:?B9Fot`9UKQW03Oh01DE?CD6B19?oqHd5H=WP0w,0*1A
!AIVDM,2,2,7,B,h00,2*78
!AIVDM,2,1,8,A,8030ojA?0@=DE?@?BDPA3onQiUFttP1Nh01DE?<1EJ?>0onlkUG0e01@,0*24
!AIVDM,2,2,8,A,h00,2*74
!AIVDM,2,1,9,B,8030ojA?0@=DE?>5EF9<0okj>UF0w02`h01DE?@BD>5E6oiSTUEqk03L,0*6A
!AIVDM,2,2,9,B,h00,2*76
!AIVDM,2,1,0,A,8030ojA?0@=DE?4C3819<ogpIUE1L03Oh01D?02D9C31>ofnhUDU2P29,0*7E
!AIVDM,2,2,0,A,h00,2*7C
!AIVDM,2,1,1,B,8030opA?0@=DE?4C3819<ogpIUE1L03Oh01D?02D9C31>ofnhUDU2P29,0*66
!AIVDM,2,2,1,B,h00,2*7E
!AIVDM,2,1,2,B,8030ojA?0@=D?02531>3Boep75Cn7P1uh01D?0keB9F00ode?UCJ602B,0*34
!AIVDM,2,2,2,B,h00,2*7D
!AIVDM,2,1,3,A,8030ojA?0@=D?0@BDCD6Bod7e5Br@P2Ph01DE?<13CD@9ob6>UBEmP2;,0*0F
!AIVDM,2,2,3,A,h00,2*7F
!AIVDM,2,1,4,B,8030ojA?0@=DE?C?B5<00o`O1UA@V01vh01DE?3>DB3?5oW@PU?d4P1g,0*53
!AIVDM,2,2,4,B,h00,2*7B
!AIVDM,2,1,5,A,8030ojA?0@=DE?F1B5>>5oV5AU>VQP1`h01DE?=D<6B?>oUFw5=MT01a,0*1B
!AIVDM,2,2,5,A,h00,2*79
!AIVDM,2,1,6,B,8030opA?0@=DE?F1B5>>5oV5AU>VQP1`h01DE?=D<6B?>oUFw5=MT01a,0*01
!AIVDM,2,2,6,B,h00,2*79
!AIVDM,2,1,7,A,8030ojA?0@=DE?CD:?B9Fot`9UKQW03Oh01DE?CD6B19?oqHd5H=WP0w,0*19
!AIVDM,2,2,7,A,h00,2*7B
!AIVDM,2,1,8,A,54eGGDh1aO4<=WW?3:0t<D4r0D<Pv0TV2222220l10I8240000000000,0*45
!AIVDM,2,2,8,A,0,2*2C
!AIVDM,2,1,9,B,8030opA?0@=DE?CD:?B9Fot`9UKQW03Oh01DE?CD6B19?oqHd5H=WP0w,0*0E
!AIVDM,2,2,9,B,h00,2*76
!AIVDM,2,1,0,A,54eGm8P2>VQ@<HSSWKHt<D4r0fr219E<9V22220l1p?6640Ht0000000,0*30
!AIVDM,2,2,0,A,0,2*24
!AIVDM,2,1,1,A,54eGWmh00000<H;O77I0u9B0lD<PTq>22222220Q1pe7540000000000,0*0C
!AIVDM,2,2,1,A,0,2*25
!AIVDM,2,1,2,B,8030opA?0@=DE?@?BDPA3onQiUFttP1Nh01DE?<1EJ?>0onlkUG0e01@,0*37
!AIVDM,2,2,2,B,h00,2*7D
!AIVDM,2,1,3,A,8030ojA?0@=DE?>5EF9<0okj>UF0w02`h01DE?@BD>5E6oiSTUEqk03L,0*63
!AIVDM,2,2,3,A,h00,2*7F
!AIVDM,2,1,4,A,8030opA?0@=DE?4C3819<ogpIUE1L03Oh01D?02D9C31>ofnhUDU2P29,0*60
!AIVDM,2,2,4,A,h00,2*78
!AIVDM,2,1,5,B,8030ojA?0@=DE?4C3819<ogpIUE1L03Oh01D?02D9C31>ofnhUDU2P29,0*78
!AIVDM,2,2,5,B,h00,2*7A
!AIVDM,2,1,6,A,8030ojA?0@=D?02531>3Boep75Cn7P1uh01D?0keB9F00ode?UCJ602B,0*33
!AIVDM,2,2,6,A,h00,2*7A
!AIVDM,2,1,7,B,8030ojA?0@=D?0@BDCD6Bod7e5Br@P2Ph01DE?<13CD@9ob6>UBEmP2;,0*08
!AIVDM,2,2,7,B,h00,2*78
!AIVDM,2,1,8,A,8030ojA?0@=DE?C?B5<00o`O1UA@V01vh01DE?3>DB3?5oW@PU?d4P1g,0*5C
!AIVDM,2,2,8,A,h00,2*74
!AIVDM,2,1,9,B,8030ojA?0@=DE?F1B5>>5oV5AU>VQP1`h01DE?=D<6B?>oUFw5=MT01a,0*14
!AIVDM,2,2,9,B,h00,2*76
!AIVDM,2,1,0,B,8030ojA?0@=DEBCD:?B9Fot`9UKQW03Qh01DEBCD6B19?oqHd5H=WP0v,0*02
!AIVDM,2,2,0,B,h00,2*7F
!AIVDM,2,1,1,A,8030ojA?0@=DE?@?BDPA3onQiUFttP1Nh01DE?<1EJ?>0onlkUG0e01@,0*2D
!AIVDM,2,2,1,A,h00,2*7D
!AIVDM,2,1,2,B,8030opA?0@=DE?@?BDPA3onQiUFttP1Nh01DE?<1EJ?>0onlkUG0e01@,0*37
!AIVDM,2,2,2,B,h00,2*7D
!AIVDM,2,1,3,B,8030ojA?0@=DE?>5EF9<0okj>UF0w02`h01DE?@BD>5E6oiSTUEqk03L,0*60
!AIVDM,2,2,3,B,h00,2*7C
!AIVDM,2,1,4,A,8030ojA?0@=DE?4C3819<ogpIUE1L03Oh01D?02D9C31>ofnhUDU2P29,0*7A
!AIVDM,2,2,4,A,h00,2*78
!AIVDM,2,1,5,B,8030opA?0@=DE?4C3819<ogpIUE1L03Oh01D?02D9C31>ofnhUDU2P29,0*62
!AIVDM,2,2,5,B,h00,2*7A
!AIVDM,2,1,6,A,8030ojA?0@=D?0@BDCD6Bod7e5Br@P2Ph01DE?<13CD@9ob6>UBEmP2;,0*0A
!AIVDM,2,2,6,A,h00,2*7A
!AIVDM,2,1,7,B,8030opA?0@=D?0@BDCD6Bod7e5Br@P2Ph01DE?<13CD@9ob6>UBEmP2;,0*12
!AIVDM,2,2,7,B,h00,2*78
!AIVDM,2,1,8,A,54eGQ400<WeL0000000pL<>0<521@uE8lDq@F20k1P32240Ht3P00000,0*6A
!AIVDM,2,2,8,A,0,2*2C
!AIVDM,2,1,9,A,8030ojA?0@=DE?F1B5>>5oV5AU>VQP1`h01DE?=D<6B?>oUFw5=MT01a,0*17
!AIVDM,2,2,9,A,h00,2*75
!AIVDM,2,1,0,A,8030opA?0@=DE?F1B5>>5oV5AU>VQP1`h01DE?=D<6B?>oUFw5=MT01a,0*04
!AIVDM,2,2,0,A,h00,2*7C
!AIVDM,2,1,1,A,54eGUeP05vI=H=<f220`u>0@E<<PDpE>2222221500000400094EA@Q@,0*26
!AIVDM,2,2,1,A,p88888888888880,2*6D
!AIVDM,2,1,2,A,8030ojA?0@=DEBCD:?B9Fot`9UKQW03Qh01DEBCD6B19?oqHd5H=WP0v,0*03
!AIVDM,2,2,2,A,h00,2*7E
!AIVDM,2,1,3,B,8030ojA?0@=DEB@?BDPA3onQiUFttP1Kh01DEB<1EJ?>0onlkUG0e01>,0*57
!AIVDM,2,2,3,B,h00,2*7C
!AIVDM,2,1,4,A,8030ojA?0@=DEB>5EF9<0okj>UF0w02Vh01DEB@BD>5E6oiSTUEqk03J,0*54
!AIVDM,2,2,4,A,h00,2*78
!AIVDM,2,1,5,B,8030ojA?0@=DEB4C3819<ogpIUE1L03Nh01D?02D9C31>ofnhUDU2P29,0*04
!AIVDM,2,2,5,B,h00,2*7A
!AIVDM,2,1,6,A,8030ojA?0@=D?02531>3Boep75Cn7P1uh01D?0keB9F00ode?UCJ602B,0*33
!AIVDM,2,2,6,A,h00,2*7A
!AIVDM,2,1,7,A,8030ojA?0@=DEBC?B5<00o`O1UA@V01wh01DEB3>DB3?5oW@PU?d4P1f,0*53
!AIVDM,2,2,7,A,h00,2*7B
!AIVDM,2,1,8,B,8030ojA?0@=DEBF1B5>>5oV5AU>VQP1`h01DEB=D<6B?>oUFw5=MT01`,0*14
!AIVDM,2,2,8,B,h00,2*77
!AIVDM,2,1,9,B,8030opA?0@=DEBCD:?B9Fot`9UKQW03Qh01DEBCD6B19?oqHd5H=WP0v,0*11
!AIVDM,2,2,9,B,h00,2*76
!AIVDM,2,1,0,B,54eGUch00001HL`:220rpnq84@U=<tr22222220t2`P=840Htwh00000,0*51
!AIVDM,2,2,0,B,0,2*27
!AIVDM,2,1,1,A,54eGUb000001H?O7KN04i0Ptq<F0@E<`58@Tq>151`l;;40Ht7P00000,0*10
!AIVDM,2,2,1,A,0,2*25
!AIVDM,2,1,2,B,8030opA?0@=DEB@?BDPA3onQiUFttP1Kh01DEB<1EJ?>0onlkUG0e01>,0*4C
!AIVDM,2,2,2,B,h00,2*7D
!AIVDM,2,1,3,B,8030ojA?0@=DEB>5EF9<0okj>UF0w02Vh01DEB@BD>5E6oiSTUEqk03J,0*50
!AIVDM,2,2,3,B,h00,2*7C
!AIVDM,2,1,4,A,8030ojA?0@=DEB4C3819<ogpIUE1L03Nh01D?02D9C31>ofnhUDU2P29,0*06
!AIVDM,2,2,4,A,h00,2*78
!AIVDM,2,1,5,B,8030ojA?0@=D?02531>3Boep75Cn7P1uh01D?0keB9F00ode?UCJ602B,0*33
!AIVDM,2,2,5,B,h00,2*7A
!AIVDM,2,1,6,A,8030ojA?0@=D?0@BDCD6Bod7e5Br@P2Ph01DEB<13CD@9ob6>UBEmP2:,0*76
!AIVDM,2,2,6,A,h00,2*7A
!AIVDM,2,1,7,A,8030opA?0@=D?0@BDCD6Bod7e5Br@P2Ph01DEB<13CD@9ob6>UBEmP2:,0*6D
!AIVDM,2,2,7,A,h00,2*7B
!AIVDM,2,1,8,B,8030ojA?0@=DEBC?B5<00o`O1UA@V01wh01DEB3>DB3?5oW@PU?d4P1f,0*5F
!AIVDM,2,2,8,B,h00,2*77
!AIVDM,2,1,9,A,8030ojA?0@=DEBF1B5>>5oV5AU>VQP1`h01DEB=D<6B?>oUFw5=MT01`,0*16
!AIVDM,2,2,9,A,h00,2*75
!AIVDM,2,1,0,B,54eGanP00001H?KKKJ0t<D4r0<P58hTF2222220l10n370000=P00000,0*16
!AIVDM,2,2,0,B,0,2*27
!AIVDM,2,1,1,A,8030ojA?0@=DEECD:?B9Fot`9UKQW03Uh01DEECD6B19?oqHd5H=WP0v,0*04
!AIVDM,2,2,1,A,h00,2*7D
!AIVDM,2,1,2,B,8030opA?0@=DEECD:?B9Fot`9UKQW03Uh01DEECD6B19?oqHd5H=WP0v,0*1E
!AIVDM,2,2,2,B,h00,2*7D
!AIVDM,2,1,3,B,8030ojA?0@=DEB4C3819<ogpIUE1L03Nh01D?02D9C31>ofnhUDU2P29,0*02
!AIVDM,2,2,3,B,h00,2*7C
!AIVDM,2,1,4,B,54eKP@01r:g4<LAR220pL<>0@E<M8u<DThhTE9=S4`u::5jn0ADEA@Q@,0*49
!AIVDM,2,2,4,B,p88888888888880,2*6B
!AIVDM,2,1,5,B,8030ojA?0@=D?0@BDCD6Bod7e5Br@P2Ph01DEB<13CD@9ob6>UBEmP2:,0*76
!AIVDM,2,2,5,B,h00,2*7A
!AIVDM,2,1,6,A,8030ojA?0@=DEBC?B5<00o`O1UA@V01wh01DEB3>DB3?5oW@PU?d4P1f,0*52
!AIVDM,2,2,6,A,h00,2*7A
!AIVDM,2,1,7,B,8030opA?0@=DEBF1B5>>5oV5AU>VQP1`h01DEB=D<6B?>oUFw5=MT01`,0*01
!AIVDM,2,2,7,B,h00,2*78
!AIVDM,2,1,8,B,8030ojA?0@=DEBF1B5>>5oV5AU>VQP1`h01DEB=D<6B?>oUFw5=MT01`,0*14
!AIVDM,2,2,8,B,h00,2*77
!AIVDM,2,1,9,B,8030ojA?0@=DEECD:?B9Fot`9UKQW03Uh01DEECD6B19?oqHd5H=WP0v,0*0F
!AIVDM,2,2,9,B,h00,2*76
!AIVDM,2,1,0,A,54eGUch00001HL`:220rpnq84@U=<tr22222220t2`P=840Htwh00000,0*52
!AIVDM,2,2,0,A,8,2*2C
!AIVDM,2,1,1,A,8030ojA?0@=DEE@?BDPA3onQiUFttP1Ih01DEB<1EJ?>0onlkUG0e01>,0*53
!AIVDM,2,2,1,A,h00,2*7D
!AIVDM,2,1,2,A,54eGUc@00001H>3O7KPhtlE:0LuDTr22222222151`l;;40Ht7TEA@Q@,0*06
!AIVDM,2,2,2,A,p31ERDp88888880,2*4F
!AIVDM,2,1,3,B,8030opA?0@=DEE4C3819<ogpIUE1L03Nh01D?02D9C31>ofnhUDU2P29,0*1F
!AIVDM,2,2,3,B,h00,2*7C
!AIVDM,2,1,4,B,8030ojA?0@=D?02531>3Boep75Cn7P1uh01D?0keB9F00ode?UCJ602B,0*32
!AIVDM,2,2,4,B,h00,2*7B
!AIVDM,2,1,5,B,8030opA?0@=DEBC?B5<00o`O1UA@V01wh01DEB3>DB3?5oW@PU?d4P1f,0*48
!AIVDM,2,2,5,B,h00,2*7A
!AIVDM,2,1,6,B,8030ojA?0@=DEBC?B5<00o`O1UA@V01wh01DEB3>DB3?5oW@PU?d4P1f,0*51
!AIVDM,2,2,6,B,h00,2*79
!AIVDM,2,1,7,A,8030ojA?0@=DEBF1B5>>5oV5AU>VQP1`h01DEB=D<6B?>oUFw5=MT01`,0*18
!AIVDM,2,2,7,A,h00,2*7B
!AIVDM,2,1,8,A,8030ojA?0@=DEECD:?B9Fot`9UKQW03Uh01DEECD6B19?oqHd5H=WP0v,0*0D
!AIVDM,2,2,8,A,h00,2*74
!AIVDM,2,1,9,A,54eWB:2dPl0iH<qN220t<D4r0@Di@6222222220O0``914000>P00000,0*63
!AIVDM,2,2,9,A,0,2*2D
!AIVDM,2,1,0,A,8030ojA?0@=DEE>5EF9<0okj>UF0w02Th01DEE@BD>5E6oiSTUEqk03G,0*5F
!AIVDM,2,2,0,A,h00,2*7C
!AIVDM,2,1,1,B,8030opA?0@=DEE>5EF9<0okj>UF0w02Th01DEE@BD>5E6oiSTUEqk03G,0*47
!AIVDM,2,2,1,B,h00,2*7E
